Arguments: 
  /usr/local/bin/node /usr/local/Cellar/yarn/1.7.0/libexec/bin/yarn.js add threejs

PATH: 
  /Users/giseudo/google-cloud-sdk/bin:/Users/giseudo/bin:/usr/local/opt/php@7.1/sbin:/usr/local/opt/php@7.1/bin:/usr/local/bin:/Users/giseudo/Library/Android/sdk/tools:/Users/giseudo/Library/Android/sdk/platform-tools:/usr/local/bin:/usr/bin:/bin:/usr/sbin:/sbin:/Library/Frameworks/Mono.framework/Versions/Current/Commands:/Users/giseudo/google-cloud-sdk/bin:/Users/giseudo/bin:/usr/local/opt/php@7.1/sbin:/usr/local/opt/php@7.1/bin:/Users/giseudo/Library/Android/sdk/tools:/Users/giseudo/Library/Android/sdk/platform-tools:/Users/giseudo/.composer/vendor/bin:/Users/giseudo/.composer/vendor/bin

Yarn version: 
  1.7.0

Node version: 
  8.11.2

Platform: 
  darwin x64

Trace: 
  Error: https://registry.yarnpkg.com/threejs: Not found
      at Request.params.callback [as _callback] (/usr/local/Cellar/yarn/1.7.0/libexec/lib/cli.js:65656:18)
      at Request.self.callback (/usr/local/Cellar/yarn/1.7.0/libexec/lib/cli.js:134675:22)
      at emitTwo (events.js:126:13)
      at Request.emit (events.js:214:7)
      at Request.<anonymous> (/usr/local/Cellar/yarn/1.7.0/libexec/lib/cli.js:135658:10)
      at emitOne (events.js:116:13)
      at Request.emit (events.js:211:7)
      at IncomingMessage.<anonymous> (/usr/local/Cellar/yarn/1.7.0/libexec/lib/cli.js:135578:12)
      at Object.onceWrapper (events.js:313:30)
      at emitNone (events.js:111:20)

npm manifest: 
  No manifest

yarn manifest: 
  No manifest

Lockfile: 
  No lockfile
